\BOOKMARK [1][-]{section.1}{Project Planning}{}% 1
\BOOKMARK [1][-]{section.2}{Plan description}{}% 2
\BOOKMARK [2][-]{subsection.2.1}{Theoretical approach}{section.2}% 3
\BOOKMARK [3][-]{subsubsection.2.1.1}{What kernel function should I choose to approximate?}{subsection.2.1}% 4
\BOOKMARK [3][-]{subsubsection.2.1.2}{What is the suitable dimensionality of the new feature space derived from the mapping?}{subsection.2.1}% 5
\BOOKMARK [3][-]{subsubsection.2.1.3}{What changes should be made to the original algorithm in order in order to correctly handle the new mapping of the features?}{subsection.2.1}% 6
\BOOKMARK [2][-]{subsection.2.2}{Algorithm implementation}{section.2}% 7
\BOOKMARK [3][-]{subsubsection.2.2.1}{Implement the random mapping of the data using the Fourier Features algorithm}{subsection.2.2}% 8
\BOOKMARK [3][-]{subsubsection.2.2.2}{Get familiar with Scikit Random Forest Classifier module}{subsection.2.2}% 9
\BOOKMARK [3][-]{subsubsection.2.2.3}{Modify the Scikit module to work with the new features}{subsection.2.2}% 10
\BOOKMARK [3][-]{subsubsection.2.2.4}{Debug the code}{subsection.2.2}% 11
\BOOKMARK [2][-]{subsection.2.3}{Testing}{section.2}% 12
\BOOKMARK [3][-]{subsubsection.2.3.1}{Look up suitable testing datasets}{subsection.2.3}% 13
\BOOKMARK [3][-]{subsubsection.2.3.2}{Preprocess the testing datasets if needed}{subsection.2.3}% 14
\BOOKMARK [3][-]{subsubsection.2.3.3}{Carry out accuracy tests}{subsection.2.3}% 15
\BOOKMARK [3][-]{subsubsection.2.3.4}{Carry out timing tests}{subsection.2.3}% 16
\BOOKMARK [3][-]{subsubsection.2.3.5}{Study the results of the testing}{subsection.2.3}% 17
\BOOKMARK [1][-]{section.3}{Estimated Time}{}% 18
\BOOKMARK [1][-]{section.4}{Gantt chart}{}% 19
\BOOKMARK [1][-]{section.5}{Alternatives and action plan}{}% 20
\BOOKMARK [2][-]{subsection.5.1}{Complexity of the module}{section.5}% 21
\BOOKMARK [2][-]{subsection.5.2}{Bugs}{section.5}% 22
