\BOOKMARK [1][-]{section.1}{Context and scope of the project}{}% 1
\BOOKMARK [2][-]{subsection.1.1}{Project formulation}{section.1}% 2
\BOOKMARK [2][-]{subsection.1.2}{Scope}{section.1}% 3
\BOOKMARK [2][-]{subsection.1.3}{Possible obstacle and solutions}{section.1}% 4
\BOOKMARK [3][-]{subsubsection.1.3.1}{Trouble in modifying the code}{subsection.1.3}% 5
\BOOKMARK [3][-]{subsubsection.1.3.2}{Computational power}{subsection.1.3}% 6
\BOOKMARK [3][-]{subsubsection.1.3.3}{Find suitable public datasets}{subsection.1.3}% 7
\BOOKMARK [3][-]{subsubsection.1.3.4}{Methodology}{subsection.1.3}% 8
\BOOKMARK [3][-]{subsubsection.1.3.5}{Development tools}{subsection.1.3}% 9
\BOOKMARK [3][-]{subsubsection.1.3.6}{Validation methods}{subsection.1.3}% 10
\BOOKMARK [1][-]{section.2}{Project planning}{}% 11
\BOOKMARK [2][-]{subsection.2.1}{Plan description}{section.2}% 12
\BOOKMARK [3][-]{subsubsection.2.1.1}{Theoretical approach}{subsection.2.1}% 13
\BOOKMARK [3][-]{subsubsection.2.1.2}{Algorithm implementation}{subsection.2.1}% 14
\BOOKMARK [3][-]{subsubsection.2.1.3}{Testing}{subsection.2.1}% 15
\BOOKMARK [2][-]{subsection.2.2}{Estimated time}{section.2}% 16
\BOOKMARK [2][-]{subsection.2.3}{Gantt chart}{section.2}% 17
\BOOKMARK [2][-]{subsection.2.4}{Alternatives and action plan}{section.2}% 18
\BOOKMARK [3][-]{subsubsection.2.4.1}{Complexity of the module}{subsection.2.4}% 19
\BOOKMARK [3][-]{subsubsection.2.4.2}{Bugs}{subsection.2.4}% 20
\BOOKMARK [1][-]{section.3}{Budget and sustainability}{}% 21
\BOOKMARK [2][-]{subsection.3.1}{Environmental dimension}{section.3}% 22
\BOOKMARK [3][-]{subsubsection.3.1.1}{PPP}{subsection.3.1}% 23
\BOOKMARK [3][-]{subsubsection.3.1.2}{Useful life}{subsection.3.1}% 24
\BOOKMARK [3][-]{subsubsection.3.1.3}{Risks}{subsection.3.1}% 25
\BOOKMARK [2][-]{subsection.3.2}{Economic dimension}{section.3}% 26
\BOOKMARK [3][-]{subsubsection.3.2.1}{Budget}{subsection.3.2}% 27
\BOOKMARK [3][-]{subsubsection.3.2.2}{Assessment}{subsection.3.2}% 28
\BOOKMARK [2][-]{subsection.3.3}{Social dimension}{section.3}% 29
\BOOKMARK [3][-]{subsubsection.3.3.1}{PPP}{subsection.3.3}% 30
\BOOKMARK [3][-]{subsubsection.3.3.2}{Useful life}{subsection.3.3}% 31
\BOOKMARK [3][-]{subsubsection.3.3.3}{Risks}{subsection.3.3}% 32
\BOOKMARK [1][-]{section.4}{References}{}% 33
